
> screenforge@0.1.0 build
> next build

▲ Next.js 16.1.6 (Turbopack)

  Creating an optimized production build ...

> Build error occurred
Error: Turbopack build failed with 1 errors:
./src/lib/presets.ts:393:9
Parsing ecmascript source code failed
[0m [90m 391 |[39m       deviceFrame[33m:[39m { enabled[33m:[39m [36mfalse[39m[33m,[39m type[33m:[39m [32m'flat'[39m[33m,[39m showFrame[33m:[39m [36mtrue[39m[33m,[39m frameOpacity[33m:[39m [35m100[39m }[33m,[39m
 [90m 392 |[39m     }[33m,[39m
[31m[1m>[22m[39m[90m 393 |[39m     text[33m:[39m {
 [90m     |[39m         [31m[1m^[22m[39m
 [90m 394 |[39m       headlineEnabled[33m:[39m [36mtrue[39m[33m,[39m headline[33m:[39m [32m'Magical'[39m[33m,[39m
 [90m 395 |[39m       headlineFont[33m:[39m [32m'Space Grotesk'[39m[33m,[39m headlineSize[33m:[39m [35m82[39m[33m,[39m headlineWeight[33m:[39m [32m'700'[39m[33m,[39m headlineColor[33m:[39m [32m'#ffffff'[39m[33m,[39m
 [90m 396 |[39m       headlinePosition[33m:[39m [32m'top'[39m[33m,[39m headlineOffsetY[33m:[39m [35m8[39m[33m,[39m lineHeight[33m:[39m [35m120[39m[33m,[39m[0m

Expected ',', got ':'

Import traces:
  Client Component Browser:
    ./src/lib/presets.ts [Client Component Browser]
    ./src/app/page.tsx [Client Component Browser]
    ./src/app/page.tsx [Server Component]

  Client Component SSR:
    ./src/lib/presets.ts [Client Component SSR]
    ./src/app/page.tsx [Client Component SSR]
    ./src/app/page.tsx [Server Component]


    at <unknown> (./src/lib/presets.ts:393:9)
